<?xml version="1.0" encoding="UTF-8"?>
<!-- Generated by org.testng.reporters.JUnitReportReporter -->
<testsuite skipped="0" hostname="LAPTOP-HHN7D2TC" name="com.ebanking.master.RoleNg" tests="3" failures="0" timestamp="2020-09-01T11:12:15 IST" time="29.171" errors="0">
  <testcase name="Rol" time="9.449" classname="com.ebanking.master.RoleNg"/>
  <testcase name="Rol" time="9.363" classname="com.ebanking.master.RoleNg"/>
  <testcase name="Rol" time="10.359" classname="com.ebanking.master.RoleNg"/>
</testsuite> <!-- com.ebanking.master.RoleNg -->
