<?xml version="1.0" encoding="UTF-8"?>
<!-- Generated by org.testng.reporters.JUnitReportReporter -->
<testsuite skipped="0" hostname="LAPTOP-HHN7D2TC" name="com.ebanking.scripts.Sample" tests="2" failures="0" timestamp="2020-08-29T11:03:51 IST" time="49.771" errors="0">
  <testcase name="bcd" time="29.842" classname="com.ebanking.scripts.Sample"/>
  <testcase name="abc" time="19.929" classname="com.ebanking.scripts.Sample"/>
</testsuite> <!-- com.ebanking.scripts.Sample -->
