<?xml version="1.0" encoding="UTF-8"?>
<!-- Generated by org.testng.reporters.JUnitReportReporter -->
<testsuite skipped="0" hostname="LAPTOP-HHN7D2TC" name="com.ebanking.master.BranchNG" tests="1" failures="0" timestamp="2020-09-01T11:12:15 IST" time="6.930" errors="0">
  <testcase name="Bcre" time="6.930" classname="com.ebanking.master.BranchNG"/>
</testsuite> <!-- com.ebanking.master.BranchNG -->
